[
  {
    "TenantId": "00000000-0000-0000-0000-000000000000",
    "TimeGenerated": "3/31/2022, 10:51:35.857 AM",
    "Account": "contoso\\benjamin",
    "AccountType": "User",
    "Computer": "benjamin-pc",
    "EventSourceName": "Microsoft-Windows-Security-Auditing",
    "Channel": "Security",
    "Task": 1,
    "Level": 0,
    "EventData": "",
    "EventID": 4624,
    "Activity": "4624 - An account was successfully logged on.",
    "SourceComputerId": "4f09bae2-4803-4aa4-8b80-0e2ea66218d2",
    "EventOriginId": "4f09bae2-4803-4aa4-8b80-0e2ea66218d3",
    "ManagementGroupName": "AOI-8ecf8077-cf51-4820-aadd-14040956f35d",
    "AccessList": "",
    "AccessMask": "",
    "AccessReason": "",
    "AuthenticationLevel": "",
    "AuthenticationPackageName": "NTLM",
    "ElevatedToken": "%%1842",
    "ImpersonationLevel": "%%1833",
    "IpAddress": "104.168.141.190",
    "IpPort": 0,
    "KeyLength": 128,
    "LmPackageName": "NTLM V2",
    "LogonGuid": "00000000-0000-0000-0000-000000000000",
    "LogonHours": "",
    "LogonID": "",
    "LogonProcessName": "NtLmSsp",
    "LogonType": 3,
    "LogonTypeName": "3 - Network",
    "Process": "-",
    "ProcessId": "0x0",
    "ProcessName": "-",
    "SubjectAccount": "-\\-",
    "SubjectDomainName": "-",
    "SubjectLogonId": "0x0",
    "SubjectUserName": "-",
    "SubjectUserSid": "S-1-0-0",
    "TargetAccount": "contoso\\benjamin",
    "TargetDomainName": "contoso",
    "TargetInfo": "",
    "TargetLinkedLogonId": "0x0",
    "TargetLogonGuid": "",
    "TargetLogonId": "0xb627c",
    "TargetOutboundDomainName": "-",
    "TargetOutboundUserName": "-",
    "TargetUserName": "benjamin",
    "TargetUserSid": "S-1-5-21-2769934187-2433420870-601450644-3108",
    "TemplateContent": "",
    "TemplateDSObjectFQDN": "",
    "TemplateInternalName": "",
    "TemplateOID": "",
    "TransmittedServices": "-",
    "VirtualAccount": "%%1843",
    "WorkstationName": "benjamin-pc",
    "PartitionKey": "",
    "Type": "SecurityEvent"
  },
  {
    "TenantId": "00000000-0000-0000-0000-000000000000",
    "TimeGenerated": "3/31/2022, 14:51:35.857 PM",
    "Account": "contoso\\benjamin",
    "AccountType": "User",
    "Computer": "benjamin-pc",
    "EventSourceName": "Microsoft-Windows-Security-Auditing",
    "Channel": "Security",
    "Task": 13312,
    "Level": 8,
    "EventID": 4688,
    "Activity": "4688 - A new process has been created.",
    "EventOriginId": "69324c1a-22a9-43b9-afde-b582e4ef00d5",
    "ManagementGroupName": "AOI-8ecf8077-cf51-4820-aadd-14040956f35d",
    "CommandLine": "sekurlsa::pth /user:Administrateur //domain:contoso//ntlm:f193d757b4d487ab7e5a3743f038f713 //run:cmd",
    "MandatoryLabel": "S-1-16-8192",
    "NewProcessId": "0x14cc",
    "NewProcessName": "C:\\tools\\mimikatz_trunk\\x64\\mimikatz.exe",
    "ParentProcessName": "C:\\Windows\\System32\\cmd.exe",
    "Process": "mimikatz.exe",
    "ProcessId": "0x1a50",
    "SubjectAccount": "contoso\\benjamin",
    "SubjectDomainName": "contoso",
    "SubjectLogonId": "0xc4eda",
    "SubjectUserName": "benjamin",
    "SubjectUserSid": "S-1-5-21-2769934187-2433420870-601450555-3108",
    "SubStatus": "",
    "TableId": "",
    "TargetAccount": "-\\-",
    "TargetDomainName": "-",
    "TargetLogonId": "0x0",
    "TargetUserName": "-",
    "TargetUserSid": "S-1-5-21-2769934187-2433420870-601450555-3108",
    "TokenElevationType": "%%1938",
    "Type": "SecurityEvent"
  },
  {
    "TenantId": "00000000-0000-0000-0000-000000000000",
    "TimeGenerated": "3/31/2022, 10:51:35.857 AM",
    "Account": "contoso\\kdickens",
    "AccountType": "User",
    "Computer": "karla-pc",
    "EventSourceName": "Microsoft-Windows-Security-Auditing",
    "Channel": "Security",
    "Task": 1,
    "Level": 0,
    "EventData": "",
    "EventID": 4624,
    "Activity": "4624 - An account was successfully logged on.",
    "SourceComputerId": "4f09bae2-4803-4aa4-8b80-0e2ea66218d2",
    "EventOriginId": "4f09bae2-4803-4aa4-8b80-0e2ea66218d3",
    "ManagementGroupName": "AOI-8ecf8077-cf51-4820-aadd-14040956f35d",
    "AccessList": "",
    "AccessMask": "",
    "AccessReason": "",
    "AuthenticationLevel": "",
    "AuthenticationPackageName": "NTLM",
    "ElevatedToken": "%%1842",
    "ImpersonationLevel": "%%1833",
    "IpAddress": "213.252.245.73",
    "IpPort": 0,
    "KeyLength": 128,
    "LmPackageName": "NTLM V2",
    "LogonGuid": "00000000-0000-0000-0000-000000000000",
    "LogonHours": "",
    "LogonID": "",
    "LogonProcessName": "NtLmSsp",
    "LogonType": 3,
    "LogonTypeName": "3 - Network",
    "Process": "-",
    "ProcessId": "0x0",
    "ProcessName": "-",
    "SubjectAccount": "-\\-",
    "SubjectDomainName": "-",
    "SubjectLogonId": "0x0",
    "SubjectUserName": "-",
    "SubjectUserSid": "S-1-0-0",
    "TargetAccount": "contoso\\kdickens",
    "TargetDomainName": "contoso",
    "TargetInfo": "",
    "TargetLinkedLogonId": "0x0",
    "TargetLogonGuid": "",
    "TargetLogonId": "0xb627c",
    "TargetOutboundDomainName": "-",
    "TargetOutboundUserName": "-",
    "TargetUserName": "kdickens",
    "TargetUserSid": "S-1-5-21-2769934187-2433420870-601450644-3108",
    "TemplateContent": "",
    "TemplateDSObjectFQDN": "",
    "TemplateInternalName": "",
    "TemplateOID": "",
    "TransmittedServices": "-",
    "VirtualAccount": "%%1843",
    "WorkstationName": "karla-pc",
    "PartitionKey": ""
  },
  {
    "TenantId": "00000000-0000-0000-0000-000000000000",
    "TimeGenerated": "3/31/2022, 14:51:35.857 PM",
    "Account": "contoso\\kdickens",
    "AccountType": "User",
    "Computer": "karla-pc",
    "EventSourceName": "Microsoft-Windows-Security-Auditing",
    "Channel": "Security",
    "Task": 13312,
    "Level": 8,
    "EventID": 4688,
    "Activity": "4688 - A new process has been created.",
    "EventOriginId": "69324c1a-22a9-43b9-afde-b582e4ef00d5",
    "ManagementGroupName": "AOI-8ecf8077-cf51-4820-aadd-14040956f35d",
    "CommandLine": "nmap -T4 -A -v -oX c:\\users\\kdickens\\appdata\\local\\temp\\zenmap-qvrzjk.xml 192.168.50.22",
    "MandatoryLabel": "S-1-16-8192",
    "NewProcessId": "0x14cc",
    "NewProcessName": "C:\\Program Files (x86)\\Nmap\\nmap.exe",
    "ParentProcessName": "C:\\Program Files (x86)\\Nmap\\zenmap.exe",
    "Process": "nmap.exe",
    "ProcessId": "0x1a50",
    "SubjectAccount": "contoso\\kdickens",
    "SubjectDomainName": "contoso",
    "SubjectLogonId": "0xc4eda",
    "SubjectUserName": "kdickens",
    "SubjectUserSid": "S-1-5-21-2769934187-2433420870-601450644-3108",
    "SubStatus": "",
    "TableId": "",
    "TargetAccount": "-\\-",
    "TargetDomainName": "-",
    "TargetLogonId": "0x0",
    "TargetUserName": "-",
    "TargetUserSid": "S-1-5-21-2769934187-2433420870-601450644-3108",
    "TokenElevationType": "%%1938",
    "Type": "SecurityEvent"
  },
  {
    "TenantId": "00000000-0000-0000-0000-000000000000",
    "TimeGenerated": "9/5/2022, 10:51:35.857 AM",
    "Account": "contoso\\admin",
    "AccountType": "User",
    "Computer": "karla-pc",
    "EventSourceName": "Microsoft-Windows-Security-Auditing",
    "Channel": "Security",
    "Task": 1,
    "Level": 0,
    "EventData": "",
    "EventID": 4625,
    "Activity": "4625 - An account failed to log on.",
    "SourceComputerId": "4f09bae2-4803-4aa4-8b80-0e2ea66218d2",
    "EventOriginId": "4f09bae2-4803-4aa4-8b80-0e2ea66218d3",
    "ManagementGroupName": "AOI-8ecf8077-cf51-4820-aadd-14040956f35d",
    "AccessList": "",
    "AccessMask": "",
    "AccessReason": "",
    "AuthenticationLevel": "",
    "AuthenticationPackageName": "NTLM",
    "ElevatedToken": "%%1842",
    "ImpersonationLevel": "%%1833",
    "IpAddress": "213.252.245.73",
    "IpPort": 0,
    "KeyLength": 128,
    "LmPackageName": "NTLM V2",
    "LogonGuid": "00000000-0000-0000-0000-000000000000",
    "LogonHours": "",
    "LogonID": "",
    "LogonProcessName": "NtLmSsp",
    "LogonType": 3,
    "LogonTypeName": "3 - Network",
    "Process": "-",
    "ProcessId": "0x0",
    "ProcessName": "-",
    "SubjectAccount": "-\\-",
    "SubjectDomainName": "-",
    "SubjectLogonId": "0x0",
    "SubjectUserName": "-",
    "SubjectUserSid": "S-1-0-0",
    "TargetAccount": "contoso\\admim",
    "TargetDomainName": "contoso",
    "TargetInfo": "",
    "TargetLinkedLogonId": "0x0",
    "TargetLogonGuid": "",
    "TargetLogonId": "0xb627c",
    "TargetOutboundDomainName": "-",
    "TargetOutboundUserName": "-",
    "TargetUserName": "admin",
    "TargetUserSid": "S-1-5-21-2769934187-2433420870-601450644-3108",
    "TemplateContent": "",
    "TemplateDSObjectFQDN": "",
    "TemplateInternalName": "",
    "TemplateOID": "",
    "TransmittedServices": "-",
    "VirtualAccount": "%%1843",
    "WorkstationName": "karla-pc",
    "PartitionKey": ""
  },
  {
    "TenantId": "00000000-0000-0000-0000-000000000000",
    "TimeGenerated": "9/5/2022, 10:52:35.857 AM",
    "Account": "contoso\\admin",
    "AccountType": "User",
    "Computer": "karla-pc",
    "EventSourceName": "Microsoft-Windows-Security-Auditing",
    "Channel": "Security",
    "Task": 1,
    "Level": 0,
    "EventData": "",
    "EventID": 4625,
    "Activity": "4625 - An account failed to log on.",
    "SourceComputerId": "4f09bae2-4803-4aa4-8b80-0e2ea66218d2",
    "EventOriginId": "4f09bae2-4803-4aa4-8b80-0e2ea66218d3",
    "ManagementGroupName": "AOI-8ecf8077-cf51-4820-aadd-14040956f35d",
    "AccessList": "",
    "AccessMask": "",
    "AccessReason": "",
    "AuthenticationLevel": "",
    "AuthenticationPackageName": "NTLM",
    "ElevatedToken": "%%1842",
    "ImpersonationLevel": "%%1833",
    "IpAddress": "213.252.245.73",
    "IpPort": 0,
    "KeyLength": 128,
    "LmPackageName": "NTLM V2",
    "LogonGuid": "00000000-0000-0000-0000-000000000000",
    "LogonHours": "",
    "LogonID": "",
    "LogonProcessName": "NtLmSsp",
    "LogonType": 3,
    "LogonTypeName": "3 - Network",
    "Process": "-",
    "ProcessId": "0x0",
    "ProcessName": "-",
    "SubjectAccount": "-\\-",
    "SubjectDomainName": "-",
    "SubjectLogonId": "0x0",
    "SubjectUserName": "-",
    "SubjectUserSid": "S-1-0-0",
    "TargetAccount": "contoso\\admim",
    "TargetDomainName": "contoso",
    "TargetInfo": "",
    "TargetLinkedLogonId": "0x0",
    "TargetLogonGuid": "",
    "TargetLogonId": "0xb627c",
    "TargetOutboundDomainName": "-",
    "TargetOutboundUserName": "-",
    "TargetUserName": "admin",
    "TargetUserSid": "S-1-5-21-2769934187-2433420870-601450644-3108",
    "TemplateContent": "",
    "TemplateDSObjectFQDN": "",
    "TemplateInternalName": "",
    "TemplateOID": "",
    "TransmittedServices": "-",
    "VirtualAccount": "%%1843",
    "WorkstationName": "karla-pc",
    "PartitionKey": ""
  },
  {
    "TenantId": "00000000-0000-0000-0000-000000000000",
    "TimeGenerated": "9/5/2022, 10:53:35.857 AM",
    "Account": "contoso\\admin",
    "AccountType": "User",
    "Computer": "karla-pc",
    "EventSourceName": "Microsoft-Windows-Security-Auditing",
    "Channel": "Security",
    "Task": 1,
    "Level": 0,
    "EventData": "",
    "EventID": 4625,
    "Activity": "4625 - An account failed to log on.",
    "SourceComputerId": "4f09bae2-4803-4aa4-8b80-0e2ea66218d2",
    "EventOriginId": "4f09bae2-4803-4aa4-8b80-0e2ea66218d3",
    "ManagementGroupName": "AOI-8ecf8077-cf51-4820-aadd-14040956f35d",
    "AccessList": "",
    "AccessMask": "",
    "AccessReason": "",
    "AuthenticationLevel": "",
    "AuthenticationPackageName": "NTLM",
    "ElevatedToken": "%%1842",
    "ImpersonationLevel": "%%1833",
    "IpAddress": "213.252.245.73",
    "IpPort": 0,
    "KeyLength": 128,
    "LmPackageName": "NTLM V2",
    "LogonGuid": "00000000-0000-0000-0000-000000000000",
    "LogonHours": "",
    "LogonID": "",
    "LogonProcessName": "NtLmSsp",
    "LogonType": 3,
    "LogonTypeName": "3 - Network",
    "Process": "-",
    "ProcessId": "0x0",
    "ProcessName": "-",
    "SubjectAccount": "-\\-",
    "SubjectDomainName": "-",
    "SubjectLogonId": "0x0",
    "SubjectUserName": "-",
    "SubjectUserSid": "S-1-0-0",
    "TargetAccount": "contoso\\admim",
    "TargetDomainName": "contoso",
    "TargetInfo": "",
    "TargetLinkedLogonId": "0x0",
    "TargetLogonGuid": "",
    "TargetLogonId": "0xb627c",
    "TargetOutboundDomainName": "-",
    "TargetOutboundUserName": "-",
    "TargetUserName": "admin",
    "TargetUserSid": "S-1-5-21-2769934187-2433420870-601450644-3108",
    "TemplateContent": "",
    "TemplateDSObjectFQDN": "",
    "TemplateInternalName": "",
    "TemplateOID": "",
    "TransmittedServices": "-",
    "VirtualAccount": "%%1843",
    "WorkstationName": "karla-pc",
    "PartitionKey": ""
  },
  {
    "TenantId": "00000000-0000-0000-0000-000000000000",
    "TimeGenerated": "3/31/2022, 10:55:35.857 AM",
    "Account": "contoso\\admin",
    "AccountType": "User",
    "Computer": "karla-pc",
    "EventSourceName": "Microsoft-Windows-Security-Auditing",
    "Channel": "Security",
    "Task": 1,
    "Level": 0,
    "EventData": "",
    "EventID": 4624,
    "Activity": "4624 - An account was successfully logged on.",
    "SourceComputerId": "4f09bae2-4803-4aa4-8b80-0e2ea66218d2",
    "EventOriginId": "4f09bae2-4803-4aa4-8b80-0e2ea66218d3",
    "ManagementGroupName": "AOI-8ecf8077-cf51-4820-aadd-14040956f35d",
    "AccessList": "",
    "AccessMask": "",
    "AccessReason": "",
    "AuthenticationLevel": "",
    "AuthenticationPackageName": "NTLM",
    "ElevatedToken": "%%1842",
    "ImpersonationLevel": "%%1833",
    "IpAddress": "213.252.245.73",
    "IpPort": 0,
    "KeyLength": 128,
    "LmPackageName": "NTLM V2",
    "LogonGuid": "00000000-0000-0000-0000-000000000000",
    "LogonHours": "",
    "LogonID": "",
    "LogonProcessName": "NtLmSsp",
    "LogonType": 3,
    "LogonTypeName": "3 - Network",
    "Process": "-",
    "ProcessId": "0x0",
    "ProcessName": "-",
    "SubjectAccount": "-\\-",
    "SubjectDomainName": "-",
    "SubjectLogonId": "0x0",
    "SubjectUserName": "-",
    "SubjectUserSid": "S-1-0-0",
    "TargetAccount": "contoso\\admin",
    "TargetDomainName": "contoso",
    "TargetInfo": "",
    "TargetLinkedLogonId": "0x0",
    "TargetLogonGuid": "",
    "TargetLogonId": "0xb627c",
    "TargetOutboundDomainName": "-",
    "TargetOutboundUserName": "-",
    "TargetUserName": "admin",
    "TargetUserSid": "S-1-5-21-2769934187-2433420870-601450644-3108",
    "TemplateContent": "",
    "TemplateDSObjectFQDN": "",
    "TemplateInternalName": "",
    "TemplateOID": "",
    "TransmittedServices": "-",
    "VirtualAccount": "%%1843",
    "WorkstationName": "karla-pc",
    "PartitionKey": ""
  },
  {
    "TenantId": "00000000-0000-0000-0000-000000000000",
    "TimeGenerated": "9/5/2022, 10:51:35.857 AM",
    "Account": "contoso\\kdickens",
    "AccountType": "User",
    "Computer": "karla-pc",
    "EventSourceName": "Microsoft-Windows-Security-Auditing",
    "Channel": "Security",
    "Task": 1,
    "Level": 0,
    "EventData": "",
    "EventID": 4634,
    "Activity": "4634 - An account was logged off.",
    "SourceComputerId": "4f09bae2-4803-4aa4-8b80-0e2ea66218d2",
    "EventOriginId": "4f09bae2-4803-4aa4-8b80-0e2ea66218d3",
    "ManagementGroupName": "AOI-8ecf8077-cf51-4820-aadd-14040956f35d",
    "AccessList": "",
    "AccessMask": "",
    "AccessReason": "",
    "AuthenticationLevel": "",
    "AuthenticationPackageName": "NTLM",
    "ElevatedToken": "%%1842",
    "ImpersonationLevel": "%%1833",
    "IpAddress": "213.252.245.73",
    "IpPort": 0,
    "KeyLength": 128,
    "LmPackageName": "NTLM V2",
    "LogonGuid": "00000000-0000-0000-0000-000000000000",
    "LogonHours": "",
    "LogonID": "",
    "LogonProcessName": "NtLmSsp",
    "LogonType": 3,
    "LogonTypeName": "3 - Network",
    "Process": "-",
    "ProcessId": "0x0",
    "ProcessName": "-",
    "SubjectAccount": "-\\-",
    "SubjectDomainName": "-",
    "SubjectLogonId": "0x0",
    "SubjectUserName": "-",
    "SubjectUserSid": "S-1-0-0",
    "TargetAccount": "contoso\\kdickens",
    "TargetDomainName": "contoso",
    "TargetInfo": "",
    "TargetLinkedLogonId": "0x0",
    "TargetLogonGuid": "",
    "TargetLogonId": "0xb627c",
    "TargetOutboundDomainName": "-",
    "TargetOutboundUserName": "-",
    "TargetUserName": "kdickens",
    "TargetUserSid": "S-1-5-21-2769934187-2433420870-601450644-3108",
    "TemplateContent": "",
    "TemplateDSObjectFQDN": "",
    "TemplateInternalName": "",
    "TemplateOID": "",
    "TransmittedServices": "-",
    "VirtualAccount": "%%1843",
    "WorkstationName": "karla-pc",
    "PartitionKey": ""
  },
  {
    "TenantId": "00000000-0000-0000-0000-000000000000",
    "TimeGenerated": "9/5/2022, 10:51:35.857 AM",
    "Account": "contoso\\admin",
    "AccountType": "User",
    "Computer": "karla-pc",
    "EventSourceName": "Microsoft-Windows-Security-Auditing",
    "Channel": "Security",
    "Task": 1,
    "Level": 0,
    "EventData": "<EventData xmlns=\"http://schemas.microsoft.com/win/2004/08/events/event\">\n  <Data Name=\"SubjectUserSid\">S-1-5-18</Data>\n  <Data Name=\"SubjectUserName\">Workstation20$</Data>\n  <Data Name=\"SubjectDomainName\">SECCXP</Data>\n  <Data Name=\"SubjectLogonId\">0x3e7</Data>\n  <Data Name=\"ObjectServer\">Security</Data>\n  <Data Name=\"HandleId\">0x250</Data>\n  <Data Name=\"ProcessId\">0x2290</Data>\n  <Data Name=\"ProcessName\">C:\\Program Files\\Windows Defender Advanced Threat Protection\\SenseIR.exe</Data>\n  <Data Name=\"TransactionId\">{00000000-0000-0000-0000-000000000000}</Data>\n</EventData>",
    "EventID": 4660,
    "Activity": "4660 - An object was deleted.",
    "SourceComputerId": "4f09bae2-4803-4aa4-8b80-0e2ea66218d2",
    "EventOriginId": "4f09bae2-4803-4aa4-8b80-0e2ea66218d3",
    "ManagementGroupName": "AOI-8ecf8077-cf51-4820-aadd-14040956f35d",
    "AccessList": "",
    "AccessMask": "",
    "AccessReason": "",
    "AuthenticationLevel": "",
    "AuthenticationPackageName": "",
    "ElevatedToken": "",
    "ImpersonationLevel": "",
    "IpAddress": "",
    "IpPort": 0,
    "KeyLength": 128,
    "LmPackageName": "",
    "LogonGuid": "00000000-0000-0000-0000-000000000000",
    "LogonHours": "",
    "LogonID": "",
    "LogonProcessName": "",
    "LogonType": 3,
    "LogonTypeName": "",
    "Process": "-",
    "ProcessId": "0x0",
    "ProcessName": "-",
    "SubjectAccount": "-\\-",
    "SubjectDomainName": "-",
    "SubjectLogonId": "0x0",
    "SubjectUserName": "-",
    "SubjectUserSid": "S-1-0-0",
    "TargetAccount": "",
    "TargetDomainName": "contoso",
    "TargetInfo": "",
    "TargetLinkedLogonId": "0x0",
    "TargetLogonGuid": "",
    "TargetLogonId": "0xb627c",
    "TargetOutboundDomainName": "-",
    "TargetOutboundUserName": "-",
    "TargetUserName": "",
    "TargetUserSid": "",
    "TemplateContent": "",
    "TemplateDSObjectFQDN": "",
    "TemplateInternalName": "",
    "TemplateOID": "",
    "TransmittedServices": "-",
    "VirtualAccount": "",
    "WorkstationName": "",
    "PartitionKey": ""
  },
  {
    "TenantId": "00000000-0000-0000-0000-000000000000",
    "TimeGenerated": "9/5/2022, 10:51:35.857 AM",
    "Account": "NT AUTHORITY\\LOCAL SERVICE",
    "AccountType": "Machine",
    "Computer": "Workstation20",
    "EventSourceName": "Microsoft-Windows-Security-Auditing",
    "Channel": "Security",
    "Task": 1,
    "Level": 0,
    "EventData": "<EventData xmlns=\"http://schemas.microsoft.com/win/2004/08/events/event\">\n  <Data Name=\"SubjectUserSid\">S-1-5-19</Data>\n  <Data Name=\"SubjectUserName\">LOCAL SERVICE</Data>\n  <Data Name=\"SubjectDomainName\">NT AUTHORITY</Data>\n  <Data Name=\"SubjectLogonId\">0x3e5</Data>\n  <Data Name=\"PreviousTime\">2022-05-11T03:56:59.0753017Z</Data>\n  <Data Name=\"NewTime\">2022-05-11T03:56:59.0783630Z</Data>\n  <Data Name=\"ProcessId\">0x510</Data>\n  <Data Name=\"ProcessName\">C:\\Windows\\System32\\svchost.exe</Data>\n</EventData>",
    "EventID": 4616,
    "Activity": "4616 - The system time was changed.",
    "SourceComputerId": "4f09bae2-4803-4aa4-8b80-0e2ea66218d2",
    "EventOriginId": "4f09bae2-4803-4aa4-8b80-0e2ea66218d3",
    "ManagementGroupName": "AOI-8ecf8077-cf51-4820-aadd-14040956f35d",
    "AccessList": "",
    "AccessMask": "",
    "AccessReason": "",
    "AuthenticationLevel": "",
    "AuthenticationPackageName": "",
    "ElevatedToken": "",
    "ImpersonationLevel": "",
    "IpAddress": "",
    "IpPort": 0,
    "KeyLength": 128,
    "LmPackageName": "",
    "LogonGuid": "00000000-0000-0000-0000-000000000000",
    "LogonHours": "",
    "LogonID": "",
    "LogonProcessName": "",
    "LogonType": 3,
    "LogonTypeName": "",
    "Process": "svchost.exe",
    "ProcessId": "0x510",
    "ProcessName": "C:\\Windows\\System32\\svchost.exe",
    "SubjectAccount": "NT AUTHORITY\\LOCAL SERVICE",
    "SubjectDomainName": "NT AUTHORITY",
    "SubjectLogonId": "0x3e5",
    "SubjectUserName": "LOCAL SERVICE",
    "SubjectUserSid": "S-1-5-19",
    "TargetAccount": "",
    "TargetDomainName": "contoso",
    "TargetInfo": "",
    "TargetLinkedLogonId": "0x0",
    "TargetLogonGuid": "",
    "TargetLogonId": "",
    "TargetOutboundDomainName": "-",
    "TargetOutboundUserName": "-",
    "TargetUserName": "",
    "TargetUserSid": "",
    "TemplateContent": "",
    "TemplateDSObjectFQDN": "",
    "TemplateInternalName": "",
    "TemplateOID": "",
    "TransmittedServices": "-",
    "VirtualAccount": "",
    "WorkstationName": "",
    "PartitionKey": ""
  },
  {
    "TenantId": "00000000-0000-0000-0000-000000000000",
    "TimeGenerated": "4/1/2022, 10:51:35.857 AM",
    "Account": "contoso\\benjamin",
    "AccountType": "User",
    "Computer": "benjamin-pc",
    "EventSourceName": "Microsoft-Windows-Security-Auditing",
    "Channel": "Security",
    "Task": 1,
    "Level": 0,
    "EventData": "",
    "EventID": 4624,
    "Activity": "4624 - An account was successfully logged on.",
    "SourceComputerId": "4f09bae2-4803-4aa4-8b80-0e2ea66218d2",
    "EventOriginId": "4f09bae2-4803-4aa4-8b80-0e2ea66218d3",
    "ManagementGroupName": "AOI-8ecf8077-cf51-4820-aadd-14040956f35d",
    "AccessList": "",
    "AccessMask": "",
    "AccessReason": "",
    "AuthenticationLevel": "",
    "AuthenticationPackageName": "NTLM",
    "ElevatedToken": "%%1842",
    "ImpersonationLevel": "%%1833",
    "IpAddress": "104.168.141.190",
    "IpPort": 0,
    "KeyLength": 128,
    "LmPackageName": "NTLM V2",
    "LogonGuid": "00000000-0000-0000-0000-000000000000",
    "LogonHours": "",
    "LogonID": "",
    "LogonProcessName": "NtLmSsp",
    "LogonType": 3,
    "LogonTypeName": "3 - Network",
    "Process": "-",
    "ProcessId": "0x0",
    "ProcessName": "-",
    "SubjectAccount": "-\\-",
    "SubjectDomainName": "-",
    "SubjectLogonId": "0x0",
    "SubjectUserName": "-",
    "SubjectUserSid": "S-1-0-0",
    "TargetAccount": "contoso\\benjamin",
    "TargetDomainName": "contoso",
    "TargetInfo": "",
    "TargetLinkedLogonId": "0x0",
    "TargetLogonGuid": "",
    "TargetLogonId": "0xb627c",
    "TargetOutboundDomainName": "-",
    "TargetOutboundUserName": "-",
    "TargetUserName": "benjamin",
    "TargetUserSid": "S-1-5-21-2769934187-2433420870-601450644-3108",
    "TemplateContent": "",
    "TemplateDSObjectFQDN": "",
    "TemplateInternalName": "",
    "TemplateOID": "",
    "TransmittedServices": "-",
    "VirtualAccount": "%%1843",
    "WorkstationName": "benjamin-pc",
    "PartitionKey": ""
  },
  {
    "TenantId": "00000000-0000-0000-0000-000000000000",
    "TimeGenerated": "4/1/2022, 10:51:35.857 AM",
    "Account": "contoso\\ben",
    "AccountType": "User",
    "Computer": "ben-pc",
    "EventSourceName": "Microsoft-Windows-Security-Auditing",
    "Channel": "Security",
    "Task": 1,
    "Level": 0,
    "EventData": "",
    "EventID": 4624,
    "Activity": "4624 - An account was successfully logged on.",
    "SourceComputerId": "4f09bae2-4803-4aa4-8b80-0e2ea66218d4",
    "EventOriginId": "4f09bae2-4803-4aa4-8b80-0e2ea66218d3",
    "ManagementGroupName": "AOI-8ecf8077-cf51-4820-aadd-14040956f35d",
    "AccessList": "",
    "AccessMask": "",
    "AccessReason": "",
    "AuthenticationLevel": "",
    "AuthenticationPackageName": "NTLM",
    "ElevatedToken": "%%1842",
    "ImpersonationLevel": "%%1833",
    "IpAddress": "104.168.141.191",
    "IpPort": 0,
    "KeyLength": 128,
    "LmPackageName": "NTLM V2",
    "LogonGuid": "00000000-0000-0000-0000-000000000000",
    "LogonHours": "",
    "LogonID": "",
    "LogonProcessName": "NtLmSsp",
    "LogonType": 3,
    "LogonTypeName": "3 - Network",
    "Process": "-",
    "ProcessId": "0x0",
    "ProcessName": "-",
    "SubjectAccount": "-\\-",
    "SubjectDomainName": "-",
    "SubjectLogonId": "0x0",
    "SubjectUserName": "-",
    "SubjectUserSid": "S-1-0-0",
    "TargetAccount": "contoso\\ben",
    "TargetDomainName": "contoso",
    "TargetInfo": "",
    "TargetLinkedLogonId": "0x0",
    "TargetLogonGuid": "",
    "TargetLogonId": "0xb627c",
    "TargetOutboundDomainName": "-",
    "TargetOutboundUserName": "-",
    "TargetUserName": "ben",
    "TargetUserSid": "S-1-5-21-2769934187-2433420870-601450644-3109",
    "TemplateContent": "",
    "TemplateDSObjectFQDN": "",
    "TemplateInternalName": "",
    "TemplateOID": "",
    "TransmittedServices": "-",
    "VirtualAccount": "%%1843",
    "WorkstationName": "ben-pc",
    "PartitionKey": ""
  },
  {
    "TenantId": "00000000-0000-0000-0000-000000000000",
    "TimeGenerated": "3/31/2022, 10:51:35.857 AM",
    "Account": "contoso\\test",
    "AccountType": "User",
    "Computer": "test-pc",
    "EventSourceName": "Microsoft-Windows-Security-Auditing",
    "Channel": "Security",
    "Task": 1,
    "Level": 0,
    "EventData": "",
    "EventID": 4624,
    "Activity": "4624 - An account was successfully logged on.",
    "SourceComputerId": "4f09bae2-4803-4aa4-8b80-0e2ea66218d3",
    "EventOriginId": "4f09bae2-4803-4aa4-8b80-0e2ea66218d3",
    "ManagementGroupName": "AOI-8ecf8077-cf51-4820-aadd-14040956f35d",
    "AccessList": "",
    "AccessMask": "",
    "AccessReason": "",
    "AuthenticationLevel": "",
    "AuthenticationPackageName": "NTLM",
    "ElevatedToken": "%%1842",
    "ImpersonationLevel": "%%1833",
    "IpAddress": "104.168.141.192",
    "IpPort": 0,
    "KeyLength": 128,
    "LmPackageName": "NTLM V2",
    "LogonGuid": "00000000-0000-0000-0000-000000000000",
    "LogonHours": "",
    "LogonID": "",
    "LogonProcessName": "NtLmSsp",
    "LogonType": 3,
    "LogonTypeName": "3 - Network",
    "Process": "-",
    "ProcessId": "0x0",
    "ProcessName": "-",
    "SubjectAccount": "-\\-",
    "SubjectDomainName": "-",
    "SubjectLogonId": "0x0",
    "SubjectUserName": "-",
    "SubjectUserSid": "S-1-0-0",
    "TargetAccount": "contoso\\test",
    "TargetDomainName": "contoso",
    "TargetInfo": "",
    "TargetLinkedLogonId": "0x0",
    "TargetLogonGuid": "",
    "TargetLogonId": "0xb627c",
    "TargetOutboundDomainName": "-",
    "TargetOutboundUserName": "-",
    "TargetUserName": "test",
    "TargetUserSid": "S-1-5-21-2769934187-2433420870-601450644-3107",
    "TemplateContent": "",
    "TemplateDSObjectFQDN": "",
    "TemplateInternalName": "",
    "TemplateOID": "",
    "TransmittedServices": "-",
    "VirtualAccount": "%%1843",
    "WorkstationName": "test-pc",
    "PartitionKey": ""
  },
  {
    "TenantId": "00000000-0000-0000-0000-000000000000",
    "TimeGenerated": "3/31/2022, 10:51:35.857 AM",
    "Account": "contoso\\benjamin1",
    "AccountType": "User",
    "Computer": "benjamin1-pc",
    "EventSourceName": "Microsoft-Windows-Security-Auditing",
    "Channel": "Security",
    "Task": 1,
    "Level": 0,
    "EventData": "",
    "EventID": 4624,
    "Activity": "4624 - An account was successfully logged on.",
    "SourceComputerId": "4f09bae2-4803-4aa4-8b80-0e2ea66218d6",
    "EventOriginId": "4f09bae2-4803-4aa4-8b80-0e2ea66218d3",
    "ManagementGroupName": "AOI-8ecf8077-cf51-4820-aadd-14040956f35d",
    "AccessList": "",
    "AccessMask": "",
    "AccessReason": "",
    "AuthenticationLevel": "",
    "AuthenticationPackageName": "NTLM",
    "ElevatedToken": "%%1842",
    "ImpersonationLevel": "%%1833",
    "IpAddress": "104.168.141.190",
    "IpPort": 0,
    "KeyLength": 128,
    "LmPackageName": "NTLM V2",
    "LogonGuid": "00000000-0000-0000-0000-000000000000",
    "LogonHours": "",
    "LogonID": "",
    "LogonProcessName": "NtLmSsp",
    "LogonType": 3,
    "LogonTypeName": "3 - Network",
    "Process": "-",
    "ProcessId": "0x0",
    "ProcessName": "-",
    "SubjectAccount": "-\\-",
    "SubjectDomainName": "-",
    "SubjectLogonId": "0x0",
    "SubjectUserName": "-",
    "SubjectUserSid": "S-1-0-0",
    "TargetAccount": "contoso\\benjamin1",
    "TargetDomainName": "contoso",
    "TargetInfo": "",
    "TargetLinkedLogonId": "0x0",
    "TargetLogonGuid": "",
    "TargetLogonId": "0xb627c",
    "TargetOutboundDomainName": "-",
    "TargetOutboundUserName": "-",
    "TargetUserName": "benjamin",
    "TargetUserSid": "S-1-5-21-2769934187-2433420870-601450644-3101",
    "TemplateContent": "",
    "TemplateDSObjectFQDN": "",
    "TemplateInternalName": "",
    "TemplateOID": "",
    "TransmittedServices": "-",
    "VirtualAccount": "%%1843",
    "WorkstationName": "benjamin1-pc",
    "PartitionKey": ""
  },
  {
    "TenantId": "00000000-0000-0000-0000-000000000000",
    "TimeGenerated": "3/31/2022, 10:51:35.857 AM",
    "Account": "contoso\\mark",
    "AccountType": "User",
    "Computer": "mark-pc",
    "EventSourceName": "Microsoft-Windows-Security-Auditing",
    "Channel": "Security",
    "Task": 1,
    "Level": 0,
    "EventData": "",
    "EventID": 4624,
    "Activity": "4624 - An account was successfully logged on.",
    "SourceComputerId": "4f09bae2-4803-4aa4-8b80-0e2ea66219d2",
    "EventOriginId": "4f09bae2-4803-4aa4-8b80-0e2ea66218d3",
    "ManagementGroupName": "AOI-8ecf8077-cf51-4820-aadd-14040956f35d",
    "AccessList": "",
    "AccessMask": "",
    "AccessReason": "",
    "AuthenticationLevel": "",
    "AuthenticationPackageName": "NTLM",
    "ElevatedToken": "%%1842",
    "ImpersonationLevel": "%%1833",
    "IpAddress": "104.168.142.190",
    "IpPort": 0,
    "KeyLength": 128,
    "LmPackageName": "NTLM V2",
    "LogonGuid": "00000000-0000-0000-0000-000000000000",
    "LogonHours": "",
    "LogonID": "",
    "LogonProcessName": "NtLmSsp",
    "LogonType": 3,
    "LogonTypeName": "3 - Network",
    "Process": "-",
    "ProcessId": "0x0",
    "ProcessName": "-",
    "SubjectAccount": "-\\-",
    "SubjectDomainName": "-",
    "SubjectLogonId": "0x0",
    "SubjectUserName": "-",
    "SubjectUserSid": "S-1-0-0",
    "TargetAccount": "contoso\\mark",
    "TargetDomainName": "contoso",
    "TargetInfo": "",
    "TargetLinkedLogonId": "0x0",
    "TargetLogonGuid": "",
    "TargetLogonId": "0xb627c",
    "TargetOutboundDomainName": "-",
    "TargetOutboundUserName": "-",
    "TargetUserName": "mark",
    "TargetUserSid": "S-1-5-21-2769934187-2433420870-601450744-3108",
    "TemplateContent": "",
    "TemplateDSObjectFQDN": "",
    "TemplateInternalName": "",
    "TemplateOID": "",
    "TransmittedServices": "-",
    "VirtualAccount": "%%1843",
    "WorkstationName": "mark-pc",
    "PartitionKey": ""
  },
  {
    "TenantId": "00000000-0000-0000-0000-000000000000",
    "TimeGenerated": "3/31/2022, 10:00:35.857 AM",
    "Account": "contoso\\benjamin",
    "AccountType": "User",
    "Computer": "benjamin-pc",
    "EventSourceName": "Microsoft-Windows-Security-Auditing",
    "Channel": "Security",
    "Task": 1,
    "Level": 0,
    "EventData": "",
    "EventID": 4624,
    "Activity": "4624 - An account was successfully logged on.",
    "SourceComputerId": "4f09bae2-4803-4aa4-8b80-0e2ea66218d2",
    "EventOriginId": "4f09bae2-4803-4aa4-8b80-0e2ea66218d3",
    "ManagementGroupName": "AOI-8ecf8077-cf51-4820-aadd-14040956f35d",
    "AccessList": "",
    "AccessMask": "",
    "AccessReason": "",
    "AuthenticationLevel": "",
    "AuthenticationPackageName": "NTLM",
    "ElevatedToken": "%%1842",
    "ImpersonationLevel": "%%1833",
    "IpAddress": "104.168.141.190",
    "IpPort": 0,
    "KeyLength": 128,
    "LmPackageName": "NTLM V2",
    "LogonGuid": "00000000-0000-0000-0000-000000000000",
    "LogonHours": "",
    "LogonID": "",
    "LogonProcessName": "NtLmSsp",
    "LogonType": 3,
    "LogonTypeName": "3 - Network",
    "Process": "-",
    "ProcessId": "0x0",
    "ProcessName": "-",
    "SubjectAccount": "-\\-",
    "SubjectDomainName": "-",
    "SubjectLogonId": "0x0",
    "SubjectUserName": "-",
    "SubjectUserSid": "S-1-0-0",
    "TargetAccount": "contoso\\benjamin",
    "TargetDomainName": "contoso",
    "TargetInfo": "",
    "TargetLinkedLogonId": "0x0",
    "TargetLogonGuid": "",
    "TargetLogonId": "0xb627c",
    "TargetOutboundDomainName": "-",
    "TargetOutboundUserName": "-",
    "TargetUserName": "benjamin",
    "TargetUserSid": "S-1-5-21-2769934187-2433420870-601450644-3108",
    "TemplateContent": "",
    "TemplateDSObjectFQDN": "",
    "TemplateInternalName": "",
    "TemplateOID": "",
    "TransmittedServices": "-",
    "VirtualAccount": "%%1843",
    "WorkstationName": "benjamin-pc",
    "PartitionKey": ""
  },
  {
    "TenantId": "00000000-0000-0000-0000-000000000000",
    "TimeGenerated": "3/31/2022, 10:51:35.857 AM",
    "Account": "contoso\\adel",
    "AccountType": "User",
    "Computer": "benjamin-pc",
    "EventSourceName": "Microsoft-Windows-Security-Auditing",
    "Channel": "Security",
    "Task": 1,
    "Level": 0,
    "EventData": "",
    "EventID": 4624,
    "Activity": "4624 - An account was successfully logged on.",
    "SourceComputerId": "4f09bae2-4803-4aa4-8b80-0e2ea66218d2",
    "EventOriginId": "4f09bae2-4803-4aa4-8b80-0e2ea66218d3",
    "ManagementGroupName": "AOI-8ecf8077-cf51-4820-aadd-14040956f35d",
    "AccessList": "",
    "AccessMask": "",
    "AccessReason": "",
    "AuthenticationLevel": "",
    "AuthenticationPackageName": "NTLM",
    "ElevatedToken": "%%1842",
    "ImpersonationLevel": "%%1833",
    "IpAddress": "104.168.141.190",
    "IpPort": 0,
    "KeyLength": 128,
    "LmPackageName": "NTLM V2",
    "LogonGuid": "00000000-0000-0000-0000-000000000000",
    "LogonHours": "",
    "LogonID": "",
    "LogonProcessName": "NtLmSsp",
    "LogonType": 3,
    "LogonTypeName": "3 - Network",
    "Process": "-",
    "ProcessId": "0x0",
    "ProcessName": "-",
    "SubjectAccount": "-\\-",
    "SubjectDomainName": "-",
    "SubjectLogonId": "0x0",
    "SubjectUserName": "-",
    "SubjectUserSid": "S-1-0-0",
    "TargetAccount": "contoso\\adel",
    "TargetDomainName": "contoso",
    "TargetInfo": "",
    "TargetLinkedLogonId": "0x0",
    "TargetLogonGuid": "",
    "TargetLogonId": "0xb627c",
    "TargetOutboundDomainName": "-",
    "TargetOutboundUserName": "-",
    "TargetUserName": "adel",
    "TargetUserSid": "S-1-5-21-2769934187-2433420871-601450644-3108",
    "TemplateContent": "",
    "TemplateDSObjectFQDN": "",
    "TemplateInternalName": "",
    "TemplateOID": "",
    "TransmittedServices": "-",
    "VirtualAccount": "%%1843",
    "WorkstationName": "benjamin-pc",
    "PartitionKey": ""
  },
  {
    "TenantId": "00000000-0000-0000-0000-000000000000",
    "TimeGenerated": "3/31/2022, 10:51:35.857 AM",
    "Account": "contoso\\petar",
    "AccountType": "User",
    "Computer": "benjamin-pc",
    "EventSourceName": "Microsoft-Windows-Security-Auditing",
    "Channel": "Security",
    "Task": 1,
    "Level": 0,
    "EventData": "",
    "EventID": 4624,
    "Activity": "4624 - An account was successfully logged on.",
    "SourceComputerId": "4f09bae2-4803-4aa4-8b80-0e2ea66218d2",
    "EventOriginId": "4f09bae2-4803-4aa4-8b80-0e2ea66218d3",
    "ManagementGroupName": "AOI-8ecf8077-cf51-4820-aadd-14040956f35d",
    "AccessList": "",
    "AccessMask": "",
    "AccessReason": "",
    "AuthenticationLevel": "",
    "AuthenticationPackageName": "NTLM",
    "ElevatedToken": "%%1842",
    "ImpersonationLevel": "%%1833",
    "IpAddress": "104.168.141.190",
    "IpPort": 0,
    "KeyLength": 128,
    "LmPackageName": "NTLM V2",
    "LogonGuid": "00000000-0000-0000-0000-000000000000",
    "LogonHours": "",
    "LogonID": "",
    "LogonProcessName": "NtLmSsp",
    "LogonType": 3,
    "LogonTypeName": "3 - Network",
    "Process": "-",
    "ProcessId": "0x0",
    "ProcessName": "-",
    "SubjectAccount": "-\\-",
    "SubjectDomainName": "-",
    "SubjectLogonId": "0x0",
    "SubjectUserName": "-",
    "SubjectUserSid": "S-1-0-0",
    "TargetAccount": "contoso\\petar",
    "TargetDomainName": "contoso",
    "TargetInfo": "",
    "TargetLinkedLogonId": "0x0",
    "TargetLogonGuid": "",
    "TargetLogonId": "0xb627c",
    "TargetOutboundDomainName": "-",
    "TargetOutboundUserName": "-",
    "TargetUserName": "petar",
    "TargetUserSid": "S-1-5-21-2769934187-2433420870-601450644-3118",
    "TemplateContent": "",
    "TemplateDSObjectFQDN": "",
    "TemplateInternalName": "",
    "TemplateOID": "",
    "TransmittedServices": "-",
    "VirtualAccount": "%%1843",
    "WorkstationName": "benjamin-pc",
    "PartitionKey": ""
  },
  {
    "TenantId": "00000000-0000-0000-0000-000000000000",
    "TimeGenerated": "3/31/2022, 10:51:35.857 AM",
    "Account": "contoso\\benjamin",
    "AccountType": "User",
    "Computer": "benjamin-pc",
    "EventSourceName": "Microsoft-Windows-Security-Auditing",
    "Channel": "Security",
    "Task": 1,
    "Level": 0,
    "EventData": "",
    "EventID": 4624,
    "Activity": "4624 - An account was successfully logged on.",
    "SourceComputerId": "4f09bae2-4803-4aa4-8b80-0e2ea66218d2",
    "EventOriginId": "4f09bae2-4803-4aa4-8b80-0e2ea66218d3",
    "ManagementGroupName": "AOI-8ecf8077-cf51-4820-aadd-14040956f35d",
    "AccessList": "",
    "AccessMask": "",
    "AccessReason": "",
    "AuthenticationLevel": "",
    "AuthenticationPackageName": "NTLM",
    "ElevatedToken": "%%1842",
    "ImpersonationLevel": "%%1833",
    "IpAddress": "104.168.141.190",
    "IpPort": 0,
    "KeyLength": 128,
    "LmPackageName": "NTLM V2",
    "LogonGuid": "00000000-0000-0000-0000-000000000000",
    "LogonHours": "",
    "LogonID": "",
    "LogonProcessName": "NtLmSsp",
    "LogonType": 3,
    "LogonTypeName": "3 - Network",
    "Process": "-",
    "ProcessId": "0x0",
    "ProcessName": "-",
    "SubjectAccount": "-\\-",
    "SubjectDomainName": "-",
    "SubjectLogonId": "0x0",
    "SubjectUserName": "-",
    "SubjectUserSid": "S-1-0-0",
    "TargetAccount": "contoso\\benjamin",
    "TargetDomainName": "contoso",
    "TargetInfo": "",
    "TargetLinkedLogonId": "0x0",
    "TargetLogonGuid": "",
    "TargetLogonId": "0xb627c",
    "TargetOutboundDomainName": "-",
    "TargetOutboundUserName": "-",
    "TargetUserName": "benjamin",
    "TargetUserSid": "S-1-5-21-2769934187-2433420870-601450644-3108",
    "TemplateContent": "",
    "TemplateDSObjectFQDN": "",
    "TemplateInternalName": "",
    "TemplateOID": "",
    "TransmittedServices": "-",
    "VirtualAccount": "%%1843",
    "WorkstationName": "benjamin-pc",
    "PartitionKey": ""
  }
]
